<?xml version="1.0" encoding="UTF-8"?>
<!-- Generated by org.testng.reporters.JUnitXMLReporter -->
<testsuite ignored="0" hostname="lapdell-0021" failures="1" tests="1" name="Test" time="0.401" errors="0" timestamp="2021-06-07T00:37:24 ICT">
  <testcase classname="com.ptc.hibernate.tests.DatabaseTest" name="test_update_a_student_from_sinh_vien_table_success" time="0.369">
    <failure type="java.lang.AssertionError" message="expected [NG2] but found [MG2]">
      <![CDATA[java.lang.AssertionError: expected [NG2] but found [MG2]
at com.ptc.hibernate.tests.DatabaseTest.test_update_a_student_from_sinh_vien_table_success(DatabaseTest.java:75)
at java.base/java.util.ArrayList.forEach(ArrayList.java:1511)
... Removed 33 stack frames]]>
    </failure>
  </testcase> <!-- test_update_a_student_from_sinh_vien_table_success -->
</testsuite> <!-- Test -->
